  DXDevice.cpp
  DXRenderTargetView.cpp
C:\Users\kgaft\Documents\Labs\Lab1\DXDevice\DXRenderTargetView.cpp(77,132): warning C4267: 'argument': conversion from 'size_t' to 'UINT', possible loss of data
C:\Users\kgaft\Documents\Labs\Lab1\DXDevice\DXRenderTargetView.cpp(130,124): warning C4267: 'argument': conversion from 'size_t' to 'UINT', possible loss of data
  DXSwapChain.cpp
  ConstantBuffer.cpp
C:\Users\kgaft\Documents\Labs\Lab1\DXShader\ConstantBuffer.cpp(26,99): warning C4267: 'argument': conversion from 'size_t' to 'UINT', possible loss of data
  Shader.cpp
C:\Users\kgaft\Documents\Labs\Lab1\DXShader\Shader.cpp(33,21): warning C4553: '==': result of expression not used; did you intend '='?
C:\Users\kgaft\Documents\Labs\Lab1\DXShader\Shader.cpp(50,169): warning C4267: 'argument': conversion from 'size_t' to 'UINT', possible loss of data
C:\Users\kgaft\Documents\Labs\Lab1\DXShader\Shader.cpp(53,169): warning C4267: 'argument': conversion from 'size_t' to 'UINT', possible loss of data
C:\Users\kgaft\Documents\Labs\Lab1\DXShader\Shader.cpp(70,42): warning C4267: '+=': conversion from 'size_t' to 'uint32_t', possible loss of data
C:\Users\kgaft\Documents\Labs\Lab1\DXShader\Shader.cpp(81,33): warning C4267: '=': conversion from 'size_t' to 'UINT', possible loss of data
C:\Users\kgaft\Documents\Labs\Lab1\DXShader\Shader.cpp(96,5): warning C4267: 'argument': conversion from 'size_t' to 'UINT', possible loss of data
C:\Users\kgaft\Documents\Labs\Lab1\DXShader\Shader.cpp(104,99): warning C4267: 'argument': conversion from 'size_t' to 'UINT', possible loss of data
C:\Users\kgaft\Documents\Labs\Lab1\DXShader\Shader.cpp(105,114): warning C4267: 'argument': conversion from 'size_t' to 'UINT', possible loss of data
C:\Users\kgaft\Documents\Labs\Lab1\DXShader\Shader.cpp(108,83): warning C4267: 'argument': conversion from 'size_t' to 'unsigned int', possible loss of data
C:\Users\kgaft\Documents\Labs\Lab1\DXShader\Shader.cpp(124,100): warning C4267: 'argument': conversion from 'size_t' to 'UINT', possible loss of data
  Renderer.cpp
C:\Users\kgaft\Documents\Labs\Lab1\Engine\Renderer.cpp(25,181): warning C4305: 'argument': truncation from 'double' to 'float'
C:\Users\kgaft\Documents\Labs\Lab1\Engine\Renderer.cpp(41,93): warning C4267: 'argument': conversion from 'size_t' to 'uint32_t', possible loss of data
C:\Users\kgaft\Documents\Labs\Lab1\Engine\Renderer.cpp(45,69): warning C4267: 'argument': conversion from 'size_t' to 'uint32_t', possible loss of data
  Lab1.cpp
  Window.cpp
  Generating Code...
  LINK : C:\Users\kgaft\Documents\Labs\Lab1\x64\Debug\Lab1.exe not found or not built by the last incremental link; performing full link
  Lab1.vcxproj -> C:\Users\kgaft\Documents\Labs\Lab1\x64\Debug\Lab1.exe
